<?xml version="1.0" encoding="UTF-8"?>
<testsuite name="Scenario: The user can seatch by using the suggestions" tests="8" skipped="7" failures="0" errors="0" timestamp="2020-05-15T04:37:01" hostname="DESKTOP-GM3SB35" time="0.019">
  <properties/>
  <testcase name="Given I’m on the homepage" classname="Scenario: The user can seatch by using the suggestions" time="0.0">
    <skipped/>
  </testcase>
  <testcase name="When I type 'The name of the w' into the search field" classname="Scenario: The user can seatch by using the suggestions" time="0.0">
    <skipped/>
  </testcase>
  <testcase name="And the suggestions list is displayed" classname="Scenario: The user can seatch by using the suggestions" time="0.0">
    <skipped/>
  </testcase>
  <testcase name="And I click on the first suggestion in the list" classname="Scenario: The user can seatch by using the suggestions" time="0.0">
    <skipped/>
  </testcase>
  <testcase name="Then I go to the search results page" classname="Scenario: The user can seatch by using the suggestions" time="0.001">
    <skipped/>
  </testcase>
  <testcase name="When I click on the first result link" classname="Scenario: The user can seatch by using the suggestions" time="0.0">
    <skipped/>
  </testcase>
  <testcase name="Then I go to the 'Patrick Rothfuss - The Books' page" classname="Scenario: The user can seatch by using the suggestions" time="0.0">
    <skipped/>
  </testcase>
  <testcase name="classMethod" classname="Scenario: The user can seatch by using the suggestions" time="0.031"/>
  <system-out><![CDATA[2020-May-14 23:37:01 [Test] INFO  : Test start
2020-May-14 23:37:01 [Test] INFO  : Scenario: The user can seatch by using the suggestions
2020-May-14 23:37:01 [Test] INFO  : Seature: Search in google home page

  @TechTest
  Scenario: User can search by using the suggestions                  ?[90m# GoogleSearch.feature:12?[0m
    ?[33mGiven ?[0m?[33mI’m on the homepage?[0m
    ?[36mWhen ?[0m?[36mI type 'The name of the w' into the search field?[0m             ?[90m# StepDefinition.iTypeTheNameOfTheWIntoTheSearchField()?[0m
    ?[36mAnd ?[0m?[36mthe suggestions list is displayed?[0m                             ?[90m# StepDefinition.theSuggestionsListIsDisplayed()?[0m
    ?[36mAnd ?[0m?[36mI click on the first suggestion in the list?[0m                   ?[90m# StepDefinition.iClickOnTheFirstSuggestionInTheList()?[0m
    ?[36mThen ?[0m?[36mI go to the search results page?[0m                              ?[90m# StepDefinition.iGoToTheSearchResultsPage()?[0m
    ?[36mAnd ?[0m?[36mthe first result is 'The Name of the Wind - Patrick Rothfuss'?[0m ?[90m# StepDefinition.theFirstResultIsTheNameOfTheWindPatrickRothfuss()?[0m
]]></system-out>
  <system-err><![CDATA[]]></system-err>
</testsuite>
