<?xml version="1.0" encoding="UTF-8"?>
<testsuite name="Scenario: User can search with 'Google Search'" tests="6" skipped="0" failures="2" errors="0" timestamp="2020-07-19T20:28:07" hostname="DESKTOP-GM3SB35" time="7.67">
  <properties/>
  <testcase name="Given Im on the homepage" classname="Scenario: User can search with 'Google Search'" time="0.0"/>
  <testcase name="When I type 'The name of the wind' into the search field" classname="Scenario: User can search with 'Google Search'" time="0.0"/>
  <testcase name="And I click the Google Search button" classname="Scenario: User can search with 'Google Search'" time="0.0"/>
  <testcase name="Then I go to the search results page" classname="Scenario: User can search with 'Google Search'" time="0.0"/>
  <testcase name="And the first result is 'The Name of the Wind - Patrick Rothfuss'" classname="Scenario: User can search with 'Google Search'" time="0.001">
    <failure message="org.junit.ComparisonFailure: the result was 'El nombre del viento - Wikipedia, la enciclopedia libre' but the expected is 'The Name of the Wind - Patrick Rothfuss'. expected:&lt;[El nombre del viento - Wikipedia, la enciclopedia libre]&gt; but was:&lt;[The Name of the Wind - Patrick Rothfuss]&gt;" type="org.junit.ComparisonFailure">org.junit.ComparisonFailure: the result was 'El nombre del viento - Wikipedia, la enciclopedia libre' but the expected is 'The Name of the Wind - Patrick Rothfuss'. expected:&lt;[El nombre del viento - Wikipedia, la enciclopedia libre]&gt; but was:&lt;[The Name of the Wind - Patrick Rothfuss]&gt;
	at org.junit.Assert.assertEquals(Assert.java:115)
	at com.google.googleTest.controllers.BusinessController.checkSpecificSearchResult(BusinessController.java:102)
	at com.google.googleTest.steps.StepDefinition.theFirstResultIsTheNameOfTheWindPatrickRothfuss(StepDefinition.java:72)
	at ✽.And the first result is 'The Name of the Wind - Patrick Rothfuss'(GoogleSearch.feature:9)
</failure>
  </testcase>
  <testcase name="classMethod" classname="Scenario: User can search with 'Google Search'" time="13.075">
    <failure message="org.junit.ComparisonFailure: the result was 'El nombre del viento - Wikipedia, la enciclopedia libre' but the expected is 'The Name of the Wind - Patrick Rothfuss'. expected:&lt;[El nombre del viento - Wikipedia, la enciclopedia libre]&gt; but was:&lt;[The Name of the Wind - Patrick Rothfuss]&gt;" type="org.junit.ComparisonFailure">org.junit.ComparisonFailure: the result was 'El nombre del viento - Wikipedia, la enciclopedia libre' but the expected is 'The Name of the Wind - Patrick Rothfuss'. expected:&lt;[El nombre del viento - Wikipedia, la enciclopedia libre]&gt; but was:&lt;[The Name of the Wind - Patrick Rothfuss]&gt;
	at org.junit.Assert.assertEquals(Assert.java:115)
	at com.google.googleTest.controllers.BusinessController.checkSpecificSearchResult(BusinessController.java:102)
	at com.google.googleTest.steps.StepDefinition.theFirstResultIsTheNameOfTheWindPatrickRothfuss(StepDefinition.java:72)
	at ✽.And the first result is 'The Name of the Wind - Patrick Rothfuss'(GoogleSearch.feature:9)
</failure>
  </testcase>
  <system-out><![CDATA[2020-Jul-19 15:28:02 [Test] INFO  : Test start
2020-Jul-19 15:28:02 [Test] INFO  : Scenario: User can search with 'Google Search'
2020-Jul-19 15:28:02 [Test] INFO  : Feature: Search in google home page
2020-Jul-19 15:28:02 [Test] INFO  :  Operation: Go to google home page
2020-Jul-19 15:28:07 [Test] INFO  : Driver selected: 'Chrome'. The browser opened the following url: 'http://www.google.com'.
2020-Jul-19 15:28:07 [Test] INFO  : The element 'google search button' was visible. Screenshot taken: true
2020-Jul-19 15:28:07 [Test] INFO  : - Operation completed -

]]></system-out>
  <system-err><![CDATA[ERROR StatusLogger No Log4j 2 configuration file found. Using default configuration (logging only errors to the console), or user programmatically provided configurations. Set system property 'log4j2.debug' to show Log4j 2 internal initialization logging. See https://logging.apache.org/log4j/2.x/manual/configuration.html for instructions on how to configure Log4j 2
Starting ChromeDriver 83.0.4103.39 (ccbf011cb2d2b19b506d844400483861342c20cd-refs/branch-heads/4103@{#416}) on port 22813
Only local connections are allowed.
Please see https://chromedriver.chromium.org/security-considerations for suggestions on keeping ChromeDriver safe.
ChromeDriver was started successfully.
Jul 19, 2020 3:28:06 PM org.openqa.selenium.remote.ProtocolHandshake createSession
INFO: Detected dialect: W3C
]]></system-err>
</testsuite>
