<?xml version="1.0" encoding="UTF-8"?>
<testsuite name="Scenario: User can search by using the suggestions" tests="7" skipped="6" failures="0" errors="0" timestamp="2020-05-15T04:37:01" hostname="DESKTOP-GM3SB35" time="0.013">
  <properties/>
  <testcase name="Given I’m on the homepage" classname="Scenario: User can search by using the suggestions" time="0.0">
    <skipped/>
  </testcase>
  <testcase name="When I type 'The name of the w' into the search field" classname="Scenario: User can search by using the suggestions" time="0.0">
    <skipped/>
  </testcase>
  <testcase name="And the suggestions list is displayed" classname="Scenario: User can search by using the suggestions" time="0.0">
    <skipped/>
  </testcase>
  <testcase name="And I click on the first suggestion in the list" classname="Scenario: User can search by using the suggestions" time="0.0">
    <skipped/>
  </testcase>
  <testcase name="Then I go to the search results page" classname="Scenario: User can search by using the suggestions" time="0.0">
    <skipped/>
  </testcase>
  <testcase name="And the first result is 'The Name of the Wind - Patrick Rothfuss'" classname="Scenario: User can search by using the suggestions" time="0.0">
    <skipped/>
  </testcase>
  <testcase name="classMethod" classname="Scenario: User can search by using the suggestions" time="0.022"/>
  <system-out><![CDATA[2020-May-14 23:37:01 [Test] INFO  : Test start
2020-May-14 23:37:01 [Test] INFO  : Scenario: User can search by using the suggestions
2020-May-14 23:37:01 [Test] INFO  : Seature: Search in google home page

  @TechTest
  Scenario: User can search with 'Google Search'                      ?[90m# GoogleSearch.feature:4?[0m
    ?[33mGiven ?[0m?[33mI’m on the homepage?[0m
    ?[36mWhen ?[0m?[36mI type 'The name of the wind' into the search field?[0m          ?[90m# StepDefinition.iTypeTheNameOfTheWindIntoTheSearchField()?[0m
    ?[36mAnd ?[0m?[36mI click the Google Search button?[0m                              ?[90m# StepDefinition.iClickTheGoogleSearchButton()?[0m
    ?[36mThen ?[0m?[36mI go to the search results page?[0m                              ?[90m# StepDefinition.iGoToTheSearchResultsPage()?[0m
    ?[36mAnd ?[0m?[36mthe first result is 'The Name of the Wind - Patrick Rothfuss'?[0m ?[90m# StepDefinition.theFirstResultIsTheNameOfTheWindPatrickRothfuss()?[0m
]]></system-out>
  <system-err><![CDATA[]]></system-err>
</testsuite>
