<?xml version="1.0" encoding="UTF-8"?>
<testsuite name="runners.TestRunner" tests="0" skipped="0" failures="0" errors="0" timestamp="1970-01-01T00:00:00" hostname="DESKTOP-GM3SB35" time="0.0">
  <properties/>
  <system-out><![CDATA[Feature: Search in google home page
2020-Jul-19 15:28:07 [Test] INFO  :  Operation: Type in the google search field
2020-Jul-19 15:28:07 [Test] INFO  : In the element 'google search field' was written the string 'The name of the wind'. Screenshot taken: false
2020-Jul-19 15:28:08 [Test] INFO  : The element 'suggestion list' is visible. Screenshot taken: true
2020-Jul-19 15:28:08 [Test] INFO  : The element 'google logo' was clicked. Screenshot taken: false
2020-Jul-19 15:28:08 [Test] INFO  : - Operation completed -

2020-Jul-19 15:28:08 [Test] INFO  :  Operation: Click on the google search button
2020-Jul-19 15:28:10 [Test] INFO  : The element 'google search button' was clicked. Screenshot taken: false
2020-Jul-19 15:28:10 [Test] INFO  : - Operation completed -

2020-Jul-19 15:28:10 [Test] INFO  :  Operation: Check the google results page
2020-Jul-19 15:28:10 [Test] INFO  : The element 'all results option' was visible. Screenshot taken: true
2020-Jul-19 15:28:10 [Test] INFO  : - Operation completed -

2020-Jul-19 15:28:10 [Test] INFO  :  Operation: Check the first google result
2020-Jul-19 15:28:10 [Test] INFO  : The element 'first search result' has the text 'El nombre del viento - Wikipedia, la enciclopedia libre'. Screenshot taken: false
2020-Jul-19 15:28:15 [Test] INFO  : Driver closed
2020-Jul-19 15:28:15 [Test] INFO  : Test end
2020-Jul-19 15:28:19 [Test] INFO  :  Operation: Type in the google search field
2020-Jul-19 15:28:20 [Test] INFO  : In the element 'google search field' was written the string 'The Name of the w'. Screenshot taken: false
2020-Jul-19 15:28:20 [Test] INFO  : - Operation completed -

2020-Jul-19 15:28:20 [Test] INFO  :  Operation: Check that the suggestion list is displayed
2020-Jul-19 15:28:20 [Test] INFO  : The element 'suggestion list' was visible. Screenshot taken: true
2020-Jul-19 15:28:20 [Test] INFO  : - Operation completed -

2020-Jul-19 15:28:20 [Test] INFO  :  Operation: Click on specific element of the suggestion list
2020-Jul-19 15:28:22 [Test] INFO  : The element 'element '1' from suggestion list' was clicked. Screenshot taken: false
2020-Jul-19 15:28:22 [Test] INFO  : - Operation completed -

2020-Jul-19 15:28:22 [Test] INFO  :  Operation: Check the google results page
2020-Jul-19 15:28:22 [Test] INFO  : The element 'all results option' was visible. Screenshot taken: true
2020-Jul-19 15:28:22 [Test] INFO  : - Operation completed -

2020-Jul-19 15:28:22 [Test] INFO  :  Operation: Check the first google result
2020-Jul-19 15:28:22 [Test] INFO  : The element 'first search result' has the text 'El nombre del viento - Wikipedia, la enciclopedia libre'. Screenshot taken: false
2020-Jul-19 15:28:27 [Test] INFO  : Driver closed
2020-Jul-19 15:28:27 [Test] INFO  : Test end
2020-Jul-19 15:28:32 [Test] INFO  :  Operation: Type in the google search field
2020-Jul-19 15:28:32 [Test] INFO  : In the element 'google search field' was written the string 'The Name of the w'. Screenshot taken: false
2020-Jul-19 15:28:32 [Test] INFO  : - Operation completed -

2020-Jul-19 15:28:32 [Test] INFO  :  Operation: Check that the suggestion list is displayed
2020-Jul-19 15:28:33 [Test] INFO  : The element 'suggestion list' was visible. Screenshot taken: true
2020-Jul-19 15:28:33 [Test] INFO  : - Operation completed -

2020-Jul-19 15:28:33 [Test] INFO  :  Operation: Click on specific element of the suggestion list
2020-Jul-19 15:28:35 [Test] INFO  : The element 'element '1' from suggestion list' was clicked. Screenshot taken: false
2020-Jul-19 15:28:35 [Test] INFO  : - Operation completed -

2020-Jul-19 15:28:35 [Test] INFO  :  Operation: Check the google results page
2020-Jul-19 15:28:35 [Test] INFO  : The element 'all results option' was visible. Screenshot taken: true
2020-Jul-19 15:28:35 [Test] INFO  : - Operation completed -

2020-Jul-19 15:28:35 [Test] INFO  :  Operation: Check the first google result
2020-Jul-19 15:28:35 [Test] INFO  : The element 'first search result' has the text 'El nombre del viento - Wikipedia, la enciclopedia libre'. Screenshot taken: false
2020-Jul-19 15:28:40 [Test] INFO  : Driver closed
2020-Jul-19 15:28:40 [Test] INFO  : Test end

  @TechTest
  Scenario: The user can search by using the suggestions and go to the selected page ?[90m# GoogleSearch.feature:22?[0m
    ?[32mGiven ?[0m?[32mIm on the homepage?[0m                                                         ?[90m# StepDefinition.iMOnTheHomepage()?[0m
    ?[32mWhen ?[0m?[32mI type 'The name of the w' into the search field?[0m                            ?[90m# StepDefinition.iTypeTheNameOfTheWIntoTheSearchField()?[0m
    ?[32mAnd ?[0m?[32mthe suggestions list is displayed?[0m                                            ?[90m# StepDefinition.theSuggestionsListIsDisplayed()?[0m
    ?[32mAnd ?[0m?[32mI click on the first suggestion in the list?[0m                                  ?[90m# StepDefinition.iClickOnTheFirstSuggestionInTheList()?[0m
    ?[32mThen ?[0m?[32mI go to the search results page?[0m                                             ?[90m# StepDefinition.iGoToTheSearchResultsPage()?[0m
    ?[31mAnd ?[0m?[31mthe first result is 'The Name of the Wind - Patrick Rothfuss'?[0m                ?[90m# StepDefinition.theFirstResultIsTheNameOfTheWindPatrickRothfuss()?[0m
      ?[31morg.junit.ComparisonFailure: the result was 'El nombre del viento - Wikipedia, la enciclopedia libre' but the expected is 'The Name of the Wind - Patrick Rothfuss'. expected:<[El nombre del viento - Wikipedia, la enciclopedia libre]> but was:<[The Name of the Wind - Patrick Rothfuss]>
      	at org.junit.Assert.assertEquals(Assert.java:115)
      	at com.google.googleTest.controllers.BusinessController.checkSpecificSearchResult(BusinessController.java:102)
      	at com.google.googleTest.steps.StepDefinition.theFirstResultIsTheNameOfTheWindPatrickRothfuss(StepDefinition.java:72)
      	at ?.And the first result is 'The Name of the Wind - Patrick Rothfuss'(GoogleSearch.feature:28)
      ?[0m
    ?[36mWhen ?[0m?[36mI click on the first result link?[0m                                            ?[90m# StepDefinition.iClickOnTheFirstResultLink()?[0m
    ?[36mThen ?[0m?[36mI go to the 'Patrick Rothfuss - The Books' page?[0m                             ?[90m# StepDefinition.iGoToThePatrickRothfussTheBooksPage()?[0m

?[31mFailed scenarios:?[0m
?[31mGoogleSearch.feature:4 ?[0m# Scenario: User can search with 'Google Search'
?[31mGoogleSearch.feature:12 ?[0m# Scenario: User can search by using the suggestions
?[31mGoogleSearch.feature:22 ?[0m# Scenario: The user can search by using the suggestions and go to the selected page

3 Scenarios (?[31m3 failed?[0m)
19 Steps (?[31m3 failed?[0m, ?[36m2 skipped?[0m, ?[32m14 passed?[0m)
0m37,606s

org.junit.ComparisonFailure: the result was 'El nombre del viento - Wikipedia, la enciclopedia libre' but the expected is 'The Name of the Wind - Patrick Rothfuss'. expected:<[El nombre del viento - Wikipedia, la enciclopedia libre]> but was:<[The Name of the Wind - Patrick Rothfuss]>
	at org.junit.Assert.assertEquals(Assert.java:115)
	at com.google.googleTest.controllers.BusinessController.checkSpecificSearchResult(BusinessController.java:102)
	at com.google.googleTest.steps.StepDefinition.theFirstResultIsTheNameOfTheWindPatrickRothfuss(StepDefinition.java:72)
	at ?.And the first result is 'The Name of the Wind - Patrick Rothfuss'(GoogleSearch.feature:9)

org.junit.ComparisonFailure: the result was 'El nombre del viento - Wikipedia, la enciclopedia libre' but the expected is 'The Name of the Wind - Patrick Rothfuss'. expected:<[El nombre del viento - Wikipedia, la enciclopedia libre]> but was:<[The Name of the Wind - Patrick Rothfuss]>
	at org.junit.Assert.assertEquals(Assert.java:115)
	at com.google.googleTest.controllers.BusinessController.checkSpecificSearchResult(BusinessController.java:102)
	at com.google.googleTest.steps.StepDefinition.theFirstResultIsTheNameOfTheWindPatrickRothfuss(StepDefinition.java:72)
	at ?.And the first result is 'The Name of the Wind - Patrick Rothfuss'(GoogleSearch.feature:18)

org.junit.ComparisonFailure: the result was 'El nombre del viento - Wikipedia, la enciclopedia libre' but the expected is 'The Name of the Wind - Patrick Rothfuss'. expected:<[El nombre del viento - Wikipedia, la enciclopedia libre]> but was:<[The Name of the Wind - Patrick Rothfuss]>
	at org.junit.Assert.assertEquals(Assert.java:115)
	at com.google.googleTest.controllers.BusinessController.checkSpecificSearchResult(BusinessController.java:102)
	at com.google.googleTest.steps.StepDefinition.theFirstResultIsTheNameOfTheWindPatrickRothfuss(StepDefinition.java:72)
	at ?.And the first result is 'The Name of the Wind - Patrick Rothfuss'(GoogleSearch.feature:28)

]]></system-out>
  <system-err><![CDATA[]]></system-err>
</testsuite>
